<?xml version="1.0" encoding="UTF-8"?>
<testsuite xmlns:xsi="http://www.w3.org/2001/XMLSchema-instance" xsi:noNamespaceSchemaLocation="https://maven.apache.org/surefire/maven-surefire-plugin/xsd/surefire-test-report-3.0.xsd" version="3.0" name="com.gildedrose.GildedRoseTest" time="0.135" tests="10" errors="0" skipped="0" failures="0">
  <properties>
[...]
</properties>
  <testcase name="the_case_of_backstage_when_seliin_date_has_passed" classname="com.gildedrose.GildedRoseTest" time="0.037"/>
  <testcase name="the_case_of_sulfuras_which_is_never_sold_or_decreases_in_quality" classname="com.gildedrose.GildedRoseTest" time="0.008"/>
  <testcase name="the_case_of_aged_brie_whose_quality_increases_as_older_it_gets" classname="com.gildedrose.GildedRoseTest" time="0.004"/>
  <testcase name="the_case_of_conjured_when__quality_decreases_twice_as_fast" classname="com.gildedrose.GildedRoseTest" time="0.001"/>
  <testcase name="the_case_of_backstage_when_seliin_is_less_than_five_days" classname="com.gildedrose.GildedRoseTest" time="0.007"/>
  <testcase name="the_quality_of_an_item_is_never_negative" classname="com.gildedrose.GildedRoseTest" time="0.006"/>
  <testcase name="the_quality_of_an_item_is_never_more_than_fifty" classname="com.gildedrose.GildedRoseTest" time="0.004"/>
  <testcase name="the_case_of_backstage_when_seliin_is_less_than_ten_days" classname="com.gildedrose.GildedRoseTest" time="0.003"/>
  <testcase name="once_the_sell_by_date_has_passed_then_Quality_degrades_twice_as_fast" classname="com.gildedrose.GildedRoseTest" time="0.004"/>
  <testcase name="the_sellin_value__and_quality_decreases" classname="com.gildedrose.GildedRoseTest" time="0.001"/>
</testsuite>